<!DOCTYPE html>

<html>
  <head>
  <title>TestNG reports</title>

    <link type="text/css" href="testng-reports.css" rel="stylesheet" />  
    <script type="text/javascript" src="jquery-1.7.1.min.js"></script>
    <script type="text/javascript" src="testng-reports.js"></script>
    <script type="text/javascript" src="https://www.google.com/jsapi"></script>
    <script type='text/javascript'>
      google.load('visualization', '1', {packages:['table']});
      google.setOnLoadCallback(drawTable);
      var suiteTableInitFunctions = new Array();
      var suiteTableData = new Array();
    </script>
    <!--
      <script type="text/javascript" src="jquery-ui/js/jquery-ui-1.8.16.custom.min.js"></script>
     -->
  </head>

  <body>
    <div class="top-banner-root">
      <span class="top-banner-title-font">Test results</span>
      <br/>
      <span class="top-banner-font-1">1 suite, 2 failed tests</span>
    </div> <!-- top-banner-root -->
    <div class="navigator-root">
      <div class="navigator-suite-header">
        <span>All suites</span>
        <a href="#" class="collapse-all-link" title="Collapse/expand all the suites">
          <img class="collapse-all-icon" src="collapseall.gif">
          </img> <!-- collapse-all-icon -->
        </a> <!-- collapse-all-link -->
      </div> <!-- navigator-suite-header -->
      <div class="suite">
        <div class="rounded-window">
          <div class="suite-header light-rounded-window-top">
            <a href="#" class="navigator-link" panel-name="suite-Zoho_Regression_Suite">
              <span class="suite-name border-failed">Zoho Regression Suite</span>
            </a> <!-- navigator-link -->
          </div> <!-- suite-header light-rounded-window-top -->
          <div class="navigator-suite-content">
            <div class="suite-section-title">
              <span>Info</span>
            </div> <!-- suite-section-title -->
            <div class="suite-section-content">
              <ul>
                <li>
                  <a href="#" class="navigator-link " panel-name="test-xml-Zoho_Regression_Suite">
                    <span>D:\AndroidWebParallel0529\com.zoho.grid\src\test\resources\runner\BackBasesampleApp_RegressionSuite_ThreadLocal.xml</span>
                  </a> <!-- navigator-link  -->
                </li>
                <li>
                  <a href="#" class="navigator-link " panel-name="testlist-Zoho_Regression_Suite">
                    <span class="test-stats">2 tests</span>
                  </a> <!-- navigator-link  -->
                </li>
                <li>
                  <a href="#" class="navigator-link " panel-name="group-Zoho_Regression_Suite">
                    <span>0 groups</span>
                  </a> <!-- navigator-link  -->
                </li>
                <li>
                  <a href="#" class="navigator-link " panel-name="times-Zoho_Regression_Suite">
                    <span>Times</span>
                  </a> <!-- navigator-link  -->
                </li>
                <li>
                  <a href="#" class="navigator-link " panel-name="reporter-Zoho_Regression_Suite">
                    <span>Reporter output</span>
                  </a> <!-- navigator-link  -->
                </li>
                <li>
                  <a href="#" class="navigator-link " panel-name="ignored-methods-Zoho_Regression_Suite">
                    <span>Ignored methods</span>
                  </a> <!-- navigator-link  -->
                </li>
                <li>
                  <a href="#" class="navigator-link " panel-name="chronological-Zoho_Regression_Suite">
                    <span>Chronological view</span>
                  </a> <!-- navigator-link  -->
                </li>
              </ul>
            </div> <!-- suite-section-content -->
            <div class="result-section">
              <div class="suite-section-title">
                <span>Results</span>
              </div> <!-- suite-section-title -->
              <div class="suite-section-content">
                <ul>
                  <li>
                    <span class="method-stats">2 methods, 2 failed,   </span>
                  </li>
                  <li>
                    <span class="method-list-title failed">Failed methods</span>
                    <span class="show-or-hide-methods failed">
                      <a href="#" panel-name="suite-Zoho_Regression_Suite" class="hide-methods failed suite-Zoho_Regression_Suite"> (hide)</a> <!-- hide-methods failed suite-Zoho_Regression_Suite -->
                      <a href="#" panel-name="suite-Zoho_Regression_Suite" class="show-methods failed suite-Zoho_Regression_Suite"> (show)</a> <!-- show-methods failed suite-Zoho_Regression_Suite -->
                    </span>
                    <div class="method-list-content failed suite-Zoho_Regression_Suite">
                      <span>
                        <img width="3%" src="failed.png"/>
                        <a href="#" class="method navigator-link" panel-name="suite-Zoho_Regression_Suite" title="com.zoho.HomeTestCases.TC_01_Zoho_HomePage_Verification_Thread_Local" hash-for-method="TC_01_Verify_App_Home_Page_Thread_Local({Company Name=Apple Inc., Introducation Date=2018-11-22, Discontinued Date=2019-11-22, Computer Name...)">TC_01_Verify_App_Home_Page_Thread_Local({Company Name=Apple Inc., Introducation Date=2018-11-22, Discontinued Date=2019-11-22, Computer Name...)</a> <!-- method navigator-link -->
                      </span>
                      <br/>
                      <span>
                        <img width="3%" src="failed.png"/>
                        <a href="#" class="method navigator-link" panel-name="suite-Zoho_Regression_Suite" title="com.zoho.HomeTestCases.TC_01_Zoho_HomePage_Verification_Thread_Local" hash-for-method="TC_01_Verify_App_Home_Page_Thread_Local({Company Name=Apple Inc., Introducation Date=2018-11-22, Discontinued Date=2019-11-22, Computer Name...)">TC_01_Verify_App_Home_Page_Thread_Local({Company Name=Apple Inc., Introducation Date=2018-11-22, Discontinued Date=2019-11-22, Computer Name...)</a> <!-- method navigator-link -->
                      </span>
                      <br/>
                    </div> <!-- method-list-content failed suite-Zoho_Regression_Suite -->
                  </li>
                </ul>
              </div> <!-- suite-section-content -->
            </div> <!-- result-section -->
          </div> <!-- navigator-suite-content -->
        </div> <!-- rounded-window -->
      </div> <!-- suite -->
    </div> <!-- navigator-root -->
    <div class="wrapper">
      <div class="main-panel-root">
        <div panel-name="suite-Zoho_Regression_Suite" class="panel Zoho_Regression_Suite">
          <div class="suite-Zoho_Regression_Suite-class-failed">
            <div class="main-panel-header rounded-window-top">
              <img src="failed.png"/>
              <span class="class-name">com.zoho.HomeTestCases.TC_01_Zoho_HomePage_Verification_Thread_Local</span>
            </div> <!-- main-panel-header rounded-window-top -->
            <div class="main-panel-content rounded-window-bottom">
              <div class="method">
                <div class="method-content">
                  <a name="TC_01_Verify_App_Home_Page_Thread_Local({Company Name=Apple Inc., Introducation Date=2018-11-22, Discontinued Date=2019-11-22, Computer Name...)">
                  </a> <!-- TC_01_Verify_App_Home_Page_Thread_Local({Company Name=Apple Inc., Introducation Date=2018-11-22, Discontinued Date=2019-11-22, Computer Name...) -->
                  <span class="method-name">TC_01_Verify_App_Home_Page_Thread_Local</span>
                  <span class="parameters">({Company Name=Apple Inc., Introducation Date=2018-11-22, Discontinued Date=2019-11-22, Computer Name=Solaris XYZ Contact Series1238})</span>
                  <div class="stack-trace"><b>"java.lang.AssertionError: null
	at com.backbase.appPages.Zoho_Page_Home_ThreadLocal.verifyHomePage(Zoho_Page_Home_ThreadLocal.java:63)
	at com.zoho.HomeTestCases.TC_01_Zoho_HomePage_Verification_Thread_Local.TC_01_Verify_App_Home_Page_Thread_Local(TC_01_Zoho_HomePage_Verification_Thread_Local.java:61)
	at java.util.concurrent.FutureTask.run(FutureTask.java:266)
	at java.util.concurrent.ThreadPoolExecutor.runWorker(ThreadPoolExecutor.java:1149)
	at java.util.concurrent.ThreadPoolExecutor$Worker.run(ThreadPoolExecutor.java:624)
	at java.lang.Thread.run(Thread.java:748)
... Removed 18 stack frames<br/> java.lang.AssertionError: null
	at org.testng.Assert.fail(Assert.java:94)
	at org.testng.Assert.fail(Assert.java:101)
	at com.backbase.appPages.Zoho_Page_Home_ThreadLocal.verifyHomePage(Zoho_Page_Home_ThreadLocal.java:63)
	at com.zoho.HomeTestCases.TC_01_Zoho_HomePage_Verification_Thread_Local.TC_01_Verify_App_Home_Page_Thread_Local(TC_01_Zoho_HomePage_Verification_Thread_Local.java:61)
	at sun.reflect.NativeMethodAccessorImpl.invoke0(Native Method)
	at sun.reflect.NativeMethodAccessorImpl.invoke(NativeMethodAccessorImpl.java:62)
	at sun.reflect.DelegatingMethodAccessorImpl.invoke(DelegatingMethodAccessorImpl.java:43)
	at java.lang.reflect.Method.invoke(Method.java:498)
	at org.testng.internal.MethodInvocationHelper.invokeMethod(MethodInvocationHelper.java:80)
	at org.testng.internal.Invoker.invokeMethod(Invoker.java:714)
	at org.testng.internal.Invoker.invokeTestMethod(Invoker.java:901)
	at org.testng.internal.Invoker.invokeTestMethods(Invoker.java:1231)
	at org.testng.internal.TestMethodWorker.invokeTestMethods(TestMethodWorker.java:127)
	at org.testng.internal.TestMethodWorker.run(TestMethodWorker.java:111)
	at org.testng.TestRunner.privateRun(TestRunner.java:767)
	at org.testng.TestRunner.run(TestRunner.java:617)
	at org.testng.SuiteRunner.runTest(SuiteRunner.java:334)
	at org.testng.SuiteRunner.access$000(SuiteRunner.java:37)
	at org.testng.SuiteRunner$SuiteWorker.run(SuiteRunner.java:368)
	at org.testng.internal.thread.ThreadUtil$2.call(ThreadUtil.java:64)
	at java.util.concurrent.FutureTask.run(FutureTask.java:266)
	at java.util.concurrent.ThreadPoolExecutor.runWorker(ThreadPoolExecutor.java:1149)
	at java.util.concurrent.ThreadPoolExecutor$Worker.run(ThreadPoolExecutor.java:624)
	at java.lang.Thread.run(Thread.java:748)
"</b><br>org.testng.Assert.fail(Assert.java:94)<br>org.testng.Assert.fail(Assert.java:101)<br>com.backbase.appPages.Zoho_Page_Home_ThreadLocal.verifyHomePage(Zoho_Page_Home_ThreadLocal.java:63)<br>com.zoho.HomeTestCases.TC_01_Zoho_HomePage_Verification_Thread_Local.TC_01_Verify_App_Home_Page_Thread_Local(TC_01_Zoho_HomePage_Verification_Thread_Local.java:61)<br>sun.reflect.NativeMethodAccessorImpl.invoke0(Native Method)<br>sun.reflect.NativeMethodAccessorImpl.invoke(NativeMethodAccessorImpl.java:62)<br>sun.reflect.DelegatingMethodAccessorImpl.invoke(DelegatingMethodAccessorImpl.java:43)<br>java.lang.reflect.Method.invoke(Method.java:498)<br>org.testng.internal.MethodInvocationHelper.invokeMethod(MethodInvocationHelper.java:80)<br>org.testng.internal.Invoker.invokeMethod(Invoker.java:714)<br>org.testng.internal.Invoker.invokeTestMethod(Invoker.java:901)<br>org.testng.internal.Invoker.invokeTestMethods(Invoker.java:1231)<br>org.testng.internal.TestMethodWorker.invokeTestMethods(TestMethodWorker.java:127)<br>org.testng.internal.TestMethodWorker.run(TestMethodWorker.java:111)<br>org.testng.TestRunner.privateRun(TestRunner.java:767)<br>org.testng.TestRunner.run(TestRunner.java:617)<br>org.testng.SuiteRunner.runTest(SuiteRunner.java:334)<br>org.testng.SuiteRunner.access$000(SuiteRunner.java:37)<br>org.testng.SuiteRunner$SuiteWorker.run(SuiteRunner.java:368)<br>org.testng.internal.thread.ThreadUtil$2.call(ThreadUtil.java:64)<br>java.util.concurrent.FutureTask.run(FutureTask.java:266)<br>java.util.concurrent.ThreadPoolExecutor.runWorker(ThreadPoolExecutor.java:1149)<br>java.util.concurrent.ThreadPoolExecutor$Worker.run(ThreadPoolExecutor.java:624)<br>java.lang.Thread.run(Thread.java:748)<br>
</div> <!-- stack-trace -->
                </div> <!-- method-content -->
              </div> <!-- method -->
              <div class="method">
                <div class="method-content">
                  <a name="TC_01_Verify_App_Home_Page_Thread_Local({Company Name=Apple Inc., Introducation Date=2018-11-22, Discontinued Date=2019-11-22, Computer Name...)">
                  </a> <!-- TC_01_Verify_App_Home_Page_Thread_Local({Company Name=Apple Inc., Introducation Date=2018-11-22, Discontinued Date=2019-11-22, Computer Name...) -->
                  <span class="method-name">TC_01_Verify_App_Home_Page_Thread_Local</span>
                  <span class="parameters">({Company Name=Apple Inc., Introducation Date=2018-11-22, Discontinued Date=2019-11-22, Computer Name=Solaris XYZ Contact Series1238})</span>
                  <div class="stack-trace"><b>"java.lang.AssertionError: null
	at com.backbase.appPages.Zoho_Page_Home_ThreadLocal.verifyHomePage(Zoho_Page_Home_ThreadLocal.java:63)
	at com.zoho.HomeTestCases.TC_01_Zoho_HomePage_Verification_Thread_Local.TC_01_Verify_App_Home_Page_Thread_Local(TC_01_Zoho_HomePage_Verification_Thread_Local.java:61)
	at java.util.concurrent.FutureTask.run(FutureTask.java:266)
	at java.util.concurrent.ThreadPoolExecutor.runWorker(ThreadPoolExecutor.java:1149)
	at java.util.concurrent.ThreadPoolExecutor$Worker.run(ThreadPoolExecutor.java:624)
	at java.lang.Thread.run(Thread.java:748)
... Removed 18 stack frames<br/> java.lang.AssertionError: null
	at org.testng.Assert.fail(Assert.java:94)
	at org.testng.Assert.fail(Assert.java:101)
	at com.backbase.appPages.Zoho_Page_Home_ThreadLocal.verifyHomePage(Zoho_Page_Home_ThreadLocal.java:63)
	at com.zoho.HomeTestCases.TC_01_Zoho_HomePage_Verification_Thread_Local.TC_01_Verify_App_Home_Page_Thread_Local(TC_01_Zoho_HomePage_Verification_Thread_Local.java:61)
	at sun.reflect.NativeMethodAccessorImpl.invoke0(Native Method)
	at sun.reflect.NativeMethodAccessorImpl.invoke(NativeMethodAccessorImpl.java:62)
	at sun.reflect.DelegatingMethodAccessorImpl.invoke(DelegatingMethodAccessorImpl.java:43)
	at java.lang.reflect.Method.invoke(Method.java:498)
	at org.testng.internal.MethodInvocationHelper.invokeMethod(MethodInvocationHelper.java:80)
	at org.testng.internal.Invoker.invokeMethod(Invoker.java:714)
	at org.testng.internal.Invoker.invokeTestMethod(Invoker.java:901)
	at org.testng.internal.Invoker.invokeTestMethods(Invoker.java:1231)
	at org.testng.internal.TestMethodWorker.invokeTestMethods(TestMethodWorker.java:127)
	at org.testng.internal.TestMethodWorker.run(TestMethodWorker.java:111)
	at org.testng.TestRunner.privateRun(TestRunner.java:767)
	at org.testng.TestRunner.run(TestRunner.java:617)
	at org.testng.SuiteRunner.runTest(SuiteRunner.java:334)
	at org.testng.SuiteRunner.access$000(SuiteRunner.java:37)
	at org.testng.SuiteRunner$SuiteWorker.run(SuiteRunner.java:368)
	at org.testng.internal.thread.ThreadUtil$2.call(ThreadUtil.java:64)
	at java.util.concurrent.FutureTask.run(FutureTask.java:266)
	at java.util.concurrent.ThreadPoolExecutor.runWorker(ThreadPoolExecutor.java:1149)
	at java.util.concurrent.ThreadPoolExecutor$Worker.run(ThreadPoolExecutor.java:624)
	at java.lang.Thread.run(Thread.java:748)
"</b><br>org.testng.Assert.fail(Assert.java:94)<br>org.testng.Assert.fail(Assert.java:101)<br>com.backbase.appPages.Zoho_Page_Home_ThreadLocal.verifyHomePage(Zoho_Page_Home_ThreadLocal.java:63)<br>com.zoho.HomeTestCases.TC_01_Zoho_HomePage_Verification_Thread_Local.TC_01_Verify_App_Home_Page_Thread_Local(TC_01_Zoho_HomePage_Verification_Thread_Local.java:61)<br>sun.reflect.NativeMethodAccessorImpl.invoke0(Native Method)<br>sun.reflect.NativeMethodAccessorImpl.invoke(NativeMethodAccessorImpl.java:62)<br>sun.reflect.DelegatingMethodAccessorImpl.invoke(DelegatingMethodAccessorImpl.java:43)<br>java.lang.reflect.Method.invoke(Method.java:498)<br>org.testng.internal.MethodInvocationHelper.invokeMethod(MethodInvocationHelper.java:80)<br>org.testng.internal.Invoker.invokeMethod(Invoker.java:714)<br>org.testng.internal.Invoker.invokeTestMethod(Invoker.java:901)<br>org.testng.internal.Invoker.invokeTestMethods(Invoker.java:1231)<br>org.testng.internal.TestMethodWorker.invokeTestMethods(TestMethodWorker.java:127)<br>org.testng.internal.TestMethodWorker.run(TestMethodWorker.java:111)<br>org.testng.TestRunner.privateRun(TestRunner.java:767)<br>org.testng.TestRunner.run(TestRunner.java:617)<br>org.testng.SuiteRunner.runTest(SuiteRunner.java:334)<br>org.testng.SuiteRunner.access$000(SuiteRunner.java:37)<br>org.testng.SuiteRunner$SuiteWorker.run(SuiteRunner.java:368)<br>org.testng.internal.thread.ThreadUtil$2.call(ThreadUtil.java:64)<br>java.util.concurrent.FutureTask.run(FutureTask.java:266)<br>java.util.concurrent.ThreadPoolExecutor.runWorker(ThreadPoolExecutor.java:1149)<br>java.util.concurrent.ThreadPoolExecutor$Worker.run(ThreadPoolExecutor.java:624)<br>java.lang.Thread.run(Thread.java:748)<br>
</div> <!-- stack-trace -->
                </div> <!-- method-content -->
              </div> <!-- method -->
            </div> <!-- main-panel-content rounded-window-bottom -->
          </div> <!-- suite-Zoho_Regression_Suite-class-failed -->
        </div> <!-- panel Zoho_Regression_Suite -->
        <div panel-name="test-xml-Zoho_Regression_Suite" class="panel">
          <div class="main-panel-header rounded-window-top">
            <span class="header-content">D:\AndroidWebParallel0529\com.zoho.grid\src\test\resources\runner\BackBasesampleApp_RegressionSuite_ThreadLocal.xml</span>
          </div> <!-- main-panel-header rounded-window-top -->
          <div class="main-panel-content rounded-window-bottom">
            <pre>
&lt;?xml version=&quot;1.0&quot; encoding=&quot;UTF-8&quot;?&gt;
&lt;!DOCTYPE suite SYSTEM &quot;http://testng.org/testng-1.0.dtd&quot;&gt;
&lt;suite thread-count=&quot;2&quot; name=&quot;Zoho Regression Suite&quot; parallel=&quot;tests&quot;&gt;
  &lt;listeners&gt;
    &lt;listener class-name=&quot;com.zoho.listeners.CustomListeners&quot;/&gt;
  &lt;/listeners&gt;
  &lt;test name=&quot;Chrome&quot;&gt;
    &lt;parameter name=&quot;browserType&quot; value=&quot;Chrome&quot;/&gt;
    &lt;classes&gt;
      &lt;class name=&quot;com.zoho.HomeTestCases.TC_01_Zoho_HomePage_Verification_Thread_Local&quot;&gt;
        &lt;methods&gt;
          &lt;include name=&quot;TC_01_Zoho_HomePage_Verification_Thread_Local&quot;/&gt;
        &lt;/methods&gt;
      &lt;/class&gt; &lt;!-- com.zoho.HomeTestCases.TC_01_Zoho_HomePage_Verification_Thread_Local --&gt;
    &lt;/classes&gt;
  &lt;/test&gt; &lt;!-- Chrome --&gt;
  &lt;test name=&quot;Firefox&quot;&gt;
    &lt;parameter name=&quot;browserType&quot; value=&quot;Firefox&quot;/&gt;
    &lt;classes&gt;
      &lt;class name=&quot;com.zoho.HomeTestCases.TC_01_Zoho_HomePage_Verification_Thread_Local&quot;&gt;
        &lt;methods&gt;
          &lt;include name=&quot;TC_01_Zoho_HomePage_Verification_Thread_Local&quot;/&gt;
        &lt;/methods&gt;
      &lt;/class&gt; &lt;!-- com.zoho.HomeTestCases.TC_01_Zoho_HomePage_Verification_Thread_Local --&gt;
    &lt;/classes&gt;
  &lt;/test&gt; &lt;!-- Firefox --&gt;
&lt;/suite&gt; &lt;!-- Zoho Regression Suite --&gt;
            </pre>
          </div> <!-- main-panel-content rounded-window-bottom -->
        </div> <!-- panel -->
        <div panel-name="testlist-Zoho_Regression_Suite" class="panel">
          <div class="main-panel-header rounded-window-top">
            <span class="header-content">Tests for Zoho Regression Suite</span>
          </div> <!-- main-panel-header rounded-window-top -->
          <div class="main-panel-content rounded-window-bottom">
            <ul>
              <li>
                <span class="test-name">Chrome (1 class)</span>
              </li>
              <li>
                <span class="test-name">Firefox (1 class)</span>
              </li>
            </ul>
          </div> <!-- main-panel-content rounded-window-bottom -->
        </div> <!-- panel -->
        <div panel-name="group-Zoho_Regression_Suite" class="panel">
          <div class="main-panel-header rounded-window-top">
            <span class="header-content">Groups for Zoho Regression Suite</span>
          </div> <!-- main-panel-header rounded-window-top -->
          <div class="main-panel-content rounded-window-bottom">
          </div> <!-- main-panel-content rounded-window-bottom -->
        </div> <!-- panel -->
        <div panel-name="times-Zoho_Regression_Suite" class="panel">
          <div class="main-panel-header rounded-window-top">
            <span class="header-content">Times for Zoho Regression Suite</span>
          </div> <!-- main-panel-header rounded-window-top -->
          <div class="main-panel-content rounded-window-bottom">
            <div class="times-div">
              <script type="text/javascript">
suiteTableInitFunctions.push('tableData_Zoho_Regression_Suite');
function tableData_Zoho_Regression_Suite() {
var data = new google.visualization.DataTable();
data.addColumn('number', 'Number');
data.addColumn('string', 'Method');
data.addColumn('string', 'Class');
data.addColumn('number', 'Time (ms)');
data.addRows(2);
data.setCell(0, 0, 0)
data.setCell(0, 1, 'TC_01_Verify_App_Home_Page_Thread_Local')
data.setCell(0, 2, 'com.zoho.HomeTestCases.TC_01_Zoho_HomePage_Verification_Thread_Local')
data.setCell(0, 3, 1006);
data.setCell(1, 0, 1)
data.setCell(1, 1, 'TC_01_Verify_App_Home_Page_Thread_Local')
data.setCell(1, 2, 'com.zoho.HomeTestCases.TC_01_Zoho_HomePage_Verification_Thread_Local')
data.setCell(1, 3, 868);
window.suiteTableData['Zoho_Regression_Suite']= { tableData: data, tableDiv: 'times-div-Zoho_Regression_Suite'}
return data;
}
              </script>
              <span class="suite-total-time">Total running time: 1 seconds</span>
              <div id="times-div-Zoho_Regression_Suite">
              </div> <!-- times-div-Zoho_Regression_Suite -->
            </div> <!-- times-div -->
          </div> <!-- main-panel-content rounded-window-bottom -->
        </div> <!-- panel -->
        <div panel-name="reporter-Zoho_Regression_Suite" class="panel">
          <div class="main-panel-header rounded-window-top">
            <span class="header-content">Reporter output for Zoho Regression Suite</span>
          </div> <!-- main-panel-header rounded-window-top -->
          <div class="main-panel-content rounded-window-bottom">
          </div> <!-- main-panel-content rounded-window-bottom -->
        </div> <!-- panel -->
        <div panel-name="ignored-methods-Zoho_Regression_Suite" class="panel">
          <div class="main-panel-header rounded-window-top">
            <span class="header-content">0 ignored methods</span>
          </div> <!-- main-panel-header rounded-window-top -->
          <div class="main-panel-content rounded-window-bottom">
          </div> <!-- main-panel-content rounded-window-bottom -->
        </div> <!-- panel -->
        <div panel-name="chronological-Zoho_Regression_Suite" class="panel">
          <div class="main-panel-header rounded-window-top">
            <span class="header-content">Methods in chronological order</span>
          </div> <!-- main-panel-header rounded-window-top -->
          <div class="main-panel-content rounded-window-bottom">
            <div class="chronological-class">
              <div class="chronological-class-name">com.zoho.HomeTestCases.TC_01_Zoho_HomePage_Verification_Thread_Local</div> <!-- chronological-class-name -->
              <div class="configuration-method before">
                <span class="method-name">getMethodName(public void com.zoho.HomeTestCases.TC_01_Zoho_HomePage_Verification_Thread_Local.TC_01_Verify_App_Ho...)</span>
                <span class="method-start">0 ms</span>
              </div> <!-- configuration-method before -->
              <div class="configuration-method before">
                <span class="method-name">getMethodName(public void com.zoho.HomeTestCases.TC_01_Zoho_HomePage_Verification_Thread_Local.TC_01_Verify_App_Ho...)</span>
                <span class="method-start">2 ms</span>
              </div> <!-- configuration-method before -->
              <div class="test-method">
                <img src="failed.png">
                </img>
                <span class="method-name">TC_01_Verify_App_Home_Page_Thread_Local({Company Name=Apple Inc., Introducation Date=2018-11-22, Discontinued Date=2019-11-22, Computer Name...)</span>
                <span class="method-start">17786 ms</span>
              </div> <!-- test-method -->
              <div class="configuration-method after">
                <span class="method-name">afterEachTest([TestResult name=TC_01_Verify_App_Home_Page_Thread_Local status=FAILURE method=TC_01_Zoho_HomePage_V...)</span>
                <span class="method-start">18658 ms</span>
              </div> <!-- configuration-method after -->
              <div class="test-method">
                <img src="failed.png">
                </img>
                <span class="method-name">TC_01_Verify_App_Home_Page_Thread_Local({Company Name=Apple Inc., Introducation Date=2018-11-22, Discontinued Date=2019-11-22, Computer Name...)</span>
                <span class="method-start">38101 ms</span>
              </div> <!-- test-method -->
              <div class="configuration-method after">
                <span class="method-name">afterEachTest([TestResult name=TC_01_Verify_App_Home_Page_Thread_Local status=FAILURE method=TC_01_Zoho_HomePage_V...)</span>
                <span class="method-start">39109 ms</span>
              </div> <!-- configuration-method after -->
          </div> <!-- main-panel-content rounded-window-bottom -->
        </div> <!-- panel -->
      </div> <!-- main-panel-root -->
    </div> <!-- wrapper -->
  </body>
</html>
