<?xml version="1.0" encoding="UTF-8"?>
<testng-results skipped="0" failed="2" total="2" passed="0">
  <reporter-output>
  </reporter-output>
  <suite name="Zoho Regression Suite" duration-ms="42245" started-at="2018-12-04T09:52:35Z" finished-at="2018-12-04T09:53:18Z">
    <groups>
    </groups>
    <test name="Chrome" duration-ms="19835" started-at="2018-12-04T09:52:35Z" finished-at="2018-12-04T09:52:55Z">
      <class name="com.zoho.HomeTestCases.TC_01_Zoho_HomePage_Verification_Thread_Local">
        <test-method status="PASS" signature="getMethodName(java.lang.reflect.Method, java.lang.String)[pri:0, instance:com.zoho.HomeTestCases.TC_01_Zoho_HomePage_Verification_Thread_Local@6a2b953e]" name="getMethodName" is-config="true" duration-ms="17784" started-at="2018-12-04T15:22:35Z" finished-at="2018-12-04T15:22:53Z">
          <params>
            <param index="0">
              <value>
                <![CDATA[public void com.zoho.HomeTestCases.TC_01_Zoho_HomePage_Verification_Thread_Local.TC_01_Verify_App_Home_Page_Thread_Local(java.util.Map) throws java.text.ParseException,java.lang.InterruptedException,java.lang.reflect.InvocationTargetException]]>
              </value>
            </param>
            <param index="1">
              <value>
                <![CDATA[Chrome]]>
              </value>
            </param>
          </params>
          <reporter-output>
          </reporter-output>
        </test-method> <!-- getMethodName -->
        <test-method status="FAIL" signature="TC_01_Verify_App_Home_Page_Thread_Local(java.util.Map)[pri:0, instance:com.zoho.HomeTestCases.TC_01_Zoho_HomePage_Verification_Thread_Local@6a2b953e]" name="TC_01_Verify_App_Home_Page_Thread_Local" duration-ms="868" started-at="2018-12-04T15:22:53Z" data-provider="newComputerData10" finished-at="2018-12-04T15:22:54Z">
          <params>
            <param index="0">
              <value>
                <![CDATA[{Company Name=Apple Inc., Introducation Date=2018-11-22, Discontinued Date=2019-11-22, Computer Name=Solaris XYZ Contact Series1238}]]>
              </value>
            </param>
          </params>
          <exception class="java.lang.AssertionError">
            <message>
              <![CDATA[null]]>
            </message>
            <full-stacktrace>
              <![CDATA[java.lang.AssertionError: null
	at org.testng.Assert.fail(Assert.java:94)
	at org.testng.Assert.fail(Assert.java:101)
	at com.backbase.appPages.Zoho_Page_Home_ThreadLocal.verifyHomePage(Zoho_Page_Home_ThreadLocal.java:63)
	at com.zoho.HomeTestCases.TC_01_Zoho_HomePage_Verification_Thread_Local.TC_01_Verify_App_Home_Page_Thread_Local(TC_01_Zoho_HomePage_Verification_Thread_Local.java:61)
	at sun.reflect.NativeMethodAccessorImpl.invoke0(Native Method)
	at sun.reflect.NativeMethodAccessorImpl.invoke(NativeMethodAccessorImpl.java:62)
	at sun.reflect.DelegatingMethodAccessorImpl.invoke(DelegatingMethodAccessorImpl.java:43)
	at java.lang.reflect.Method.invoke(Method.java:498)
	at org.testng.internal.MethodInvocationHelper.invokeMethod(MethodInvocationHelper.java:80)
	at org.testng.internal.Invoker.invokeMethod(Invoker.java:714)
	at org.testng.internal.Invoker.invokeTestMethod(Invoker.java:901)
	at org.testng.internal.Invoker.invokeTestMethods(Invoker.java:1231)
	at org.testng.internal.TestMethodWorker.invokeTestMethods(TestMethodWorker.java:127)
	at org.testng.internal.TestMethodWorker.run(TestMethodWorker.java:111)
	at org.testng.TestRunner.privateRun(TestRunner.java:767)
	at org.testng.TestRunner.run(TestRunner.java:617)
	at org.testng.SuiteRunner.runTest(SuiteRunner.java:334)
	at org.testng.SuiteRunner.access$000(SuiteRunner.java:37)
	at org.testng.SuiteRunner$SuiteWorker.run(SuiteRunner.java:368)
	at org.testng.internal.thread.ThreadUtil$2.call(ThreadUtil.java:64)
	at java.util.concurrent.FutureTask.run(FutureTask.java:266)
	at java.util.concurrent.ThreadPoolExecutor.runWorker(ThreadPoolExecutor.java:1149)
	at java.util.concurrent.ThreadPoolExecutor$Worker.run(ThreadPoolExecutor.java:624)
	at java.lang.Thread.run(Thread.java:748)
]]>
            </full-stacktrace>
          </exception> <!-- java.lang.AssertionError -->
          <reporter-output>
          </reporter-output>
        </test-method> <!-- TC_01_Verify_App_Home_Page_Thread_Local -->
        <test-method status="PASS" signature="afterEachTest(org.testng.ITestResult)[pri:0, instance:com.zoho.HomeTestCases.TC_01_Zoho_HomePage_Verification_Thread_Local@6a2b953e]" name="afterEachTest" is-config="true" duration-ms="1075" started-at="2018-12-04T15:22:54Z" finished-at="2018-12-04T15:22:55Z">
          <params>
            <param index="0">
              <value>
                <![CDATA[[TestResult name=TC_01_Verify_App_Home_Page_Thread_Local status=FAILURE method=TC_01_Zoho_HomePage_Verification_Thread_Local.TC_01_Verify_App_Home_Page_Thread_Local(java.util.Map)[pri:0, instance:com.zoho.HomeTestCases.TC_01_Zoho_HomePage_Verification_Thread_Local@6a2b953e] output={null}]]]>
              </value>
            </param>
          </params>
          <reporter-output>
          </reporter-output>
        </test-method> <!-- afterEachTest -->
      </class> <!-- com.zoho.HomeTestCases.TC_01_Zoho_HomePage_Verification_Thread_Local -->
    </test> <!-- Chrome -->
    <test name="Firefox" duration-ms="42245" started-at="2018-12-04T09:52:35Z" finished-at="2018-12-04T09:53:18Z">
      <class name="com.zoho.HomeTestCases.TC_01_Zoho_HomePage_Verification_Thread_Local">
        <test-method status="PASS" signature="getMethodName(java.lang.reflect.Method, java.lang.String)[pri:0, instance:com.zoho.HomeTestCases.TC_01_Zoho_HomePage_Verification_Thread_Local@5ab9e72c]" name="getMethodName" is-config="true" duration-ms="38101" started-at="2018-12-04T15:22:35Z" finished-at="2018-12-04T15:23:14Z">
          <params>
            <param index="0">
              <value>
                <![CDATA[public void com.zoho.HomeTestCases.TC_01_Zoho_HomePage_Verification_Thread_Local.TC_01_Verify_App_Home_Page_Thread_Local(java.util.Map) throws java.text.ParseException,java.lang.InterruptedException,java.lang.reflect.InvocationTargetException]]>
              </value>
            </param>
            <param index="1">
              <value>
                <![CDATA[Firefox]]>
              </value>
            </param>
          </params>
          <reporter-output>
          </reporter-output>
        </test-method> <!-- getMethodName -->
        <test-method status="FAIL" signature="TC_01_Verify_App_Home_Page_Thread_Local(java.util.Map)[pri:0, instance:com.zoho.HomeTestCases.TC_01_Zoho_HomePage_Verification_Thread_Local@5ab9e72c]" name="TC_01_Verify_App_Home_Page_Thread_Local" duration-ms="1006" started-at="2018-12-04T15:23:14Z" data-provider="newComputerData10" finished-at="2018-12-04T15:23:15Z">
          <params>
            <param index="0">
              <value>
                <![CDATA[{Company Name=Apple Inc., Introducation Date=2018-11-22, Discontinued Date=2019-11-22, Computer Name=Solaris XYZ Contact Series1238}]]>
              </value>
            </param>
          </params>
          <exception class="java.lang.AssertionError">
            <message>
              <![CDATA[null]]>
            </message>
            <full-stacktrace>
              <![CDATA[java.lang.AssertionError: null
	at org.testng.Assert.fail(Assert.java:94)
	at org.testng.Assert.fail(Assert.java:101)
	at com.backbase.appPages.Zoho_Page_Home_ThreadLocal.verifyHomePage(Zoho_Page_Home_ThreadLocal.java:63)
	at com.zoho.HomeTestCases.TC_01_Zoho_HomePage_Verification_Thread_Local.TC_01_Verify_App_Home_Page_Thread_Local(TC_01_Zoho_HomePage_Verification_Thread_Local.java:61)
	at sun.reflect.NativeMethodAccessorImpl.invoke0(Native Method)
	at sun.reflect.NativeMethodAccessorImpl.invoke(NativeMethodAccessorImpl.java:62)
	at sun.reflect.DelegatingMethodAccessorImpl.invoke(DelegatingMethodAccessorImpl.java:43)
	at java.lang.reflect.Method.invoke(Method.java:498)
	at org.testng.internal.MethodInvocationHelper.invokeMethod(MethodInvocationHelper.java:80)
	at org.testng.internal.Invoker.invokeMethod(Invoker.java:714)
	at org.testng.internal.Invoker.invokeTestMethod(Invoker.java:901)
	at org.testng.internal.Invoker.invokeTestMethods(Invoker.java:1231)
	at org.testng.internal.TestMethodWorker.invokeTestMethods(TestMethodWorker.java:127)
	at org.testng.internal.TestMethodWorker.run(TestMethodWorker.java:111)
	at org.testng.TestRunner.privateRun(TestRunner.java:767)
	at org.testng.TestRunner.run(TestRunner.java:617)
	at org.testng.SuiteRunner.runTest(SuiteRunner.java:334)
	at org.testng.SuiteRunner.access$000(SuiteRunner.java:37)
	at org.testng.SuiteRunner$SuiteWorker.run(SuiteRunner.java:368)
	at org.testng.internal.thread.ThreadUtil$2.call(ThreadUtil.java:64)
	at java.util.concurrent.FutureTask.run(FutureTask.java:266)
	at java.util.concurrent.ThreadPoolExecutor.runWorker(ThreadPoolExecutor.java:1149)
	at java.util.concurrent.ThreadPoolExecutor$Worker.run(ThreadPoolExecutor.java:624)
	at java.lang.Thread.run(Thread.java:748)
]]>
            </full-stacktrace>
          </exception> <!-- java.lang.AssertionError -->
          <reporter-output>
          </reporter-output>
        </test-method> <!-- TC_01_Verify_App_Home_Page_Thread_Local -->
        <test-method status="PASS" signature="afterEachTest(org.testng.ITestResult)[pri:0, instance:com.zoho.HomeTestCases.TC_01_Zoho_HomePage_Verification_Thread_Local@5ab9e72c]" name="afterEachTest" is-config="true" duration-ms="3036" started-at="2018-12-04T15:23:15Z" finished-at="2018-12-04T15:23:18Z">
          <params>
            <param index="0">
              <value>
                <![CDATA[[TestResult name=TC_01_Verify_App_Home_Page_Thread_Local status=FAILURE method=TC_01_Zoho_HomePage_Verification_Thread_Local.TC_01_Verify_App_Home_Page_Thread_Local(java.util.Map)[pri:0, instance:com.zoho.HomeTestCases.TC_01_Zoho_HomePage_Verification_Thread_Local@5ab9e72c] output={null}]]]>
              </value>
            </param>
          </params>
          <reporter-output>
          </reporter-output>
        </test-method> <!-- afterEachTest -->
      </class> <!-- com.zoho.HomeTestCases.TC_01_Zoho_HomePage_Verification_Thread_Local -->
    </test> <!-- Firefox -->
  </suite> <!-- Zoho Regression Suite -->
</testng-results>
